2025-04-16 16:52:02,460 - ERROR - ПЊЛњздЦєЩшжУЪЇАм: No module named 'win32com'
2025-04-16 16:55:27,044 - ERROR - ПЊЛњздЦєЩшжУЪЇАм: No module named 'win32com'
2025-04-16 17:10:05 [ERROR] ЕЧТМЪЇАмЃЌЯьгІФкШн: <!DOCTYPE html> <html class="aui ltr" dir="ltr" lang="zh-CN"> <head> <title>ЪзвГ - ЙужнЪаЙЄУГММЪІбЇдК</title> <meta http-equiv="X-UA-Compatible" content="IE=Edge,chrome=1"> <meta content="initial-scale=1.0, widt
2025-04-16 20:45:44 [ERROR] ЕЧТМЪЇАмЃЌЯьгІФкШн: <!DOCTYPE html> <html class="aui ltr" dir="ltr" lang="zh-CN"> <head> <title>ЪзвГ - ЙужнЪаЙЄУГММЪІбЇдК</title> <meta http-equiv="X-UA-Compatible" content="IE=Edge,chrome=1"> <meta content="initial-scale=1.0, widt
2025-04-16 21:35:29 [WARNING] Retrying (Retry(total=2, connect=None, read=None, redirect=None, status=None)) after connection broken by 'ReadTimeoutError("HTTPConnectionPool(host='connectivitycheck.gstatic.com', port=80): Read timed out. (read timeout=5)")': /generate_204
2025-04-16 22:00:34 [WARNING] Retrying (Retry(total=2, connect=None, read=None, redirect=None, status=None)) after connection broken by 'ReadTimeoutError("HTTPConnectionPool(host='connectivitycheck.gstatic.com', port=80): Read timed out. (read timeout=5)")': /generate_204
2025-04-16 22:25:40 [WARNING] Retrying (Retry(total=2, connect=None, read=None, redirect=None, status=None)) after connection broken by 'ReadTimeoutError("HTTPConnectionPool(host='connectivitycheck.gstatic.com', port=80): Read timed out. (read timeout=5)")': /generate_204
2025-04-16 22:50:45 [WARNING] Retrying (Retry(total=2, connect=None, read=None, redirect=None, status=None)) after connection broken by 'ReadTimeoutError("HTTPConnectionPool(host='connectivitycheck.gstatic.com', port=80): Read timed out. (read timeout=5)")': /generate_204
2025-04-16 23:15:50 [WARNING] Retrying (Retry(total=2, connect=None, read=None, redirect=None, status=None)) after connection broken by 'ReadTimeoutError("HTTPConnectionPool(host='connectivitycheck.gstatic.com', port=80): Read timed out. (read timeout=5)")': /generate_204
2025-04-16 23:40:55 [WARNING] Retrying (Retry(total=2, connect=None, read=None, redirect=None, status=None)) after connection broken by 'ReadTimeoutError("HTTPConnectionPool(host='connectivitycheck.gstatic.com', port=80): Read timed out. (read timeout=5)")': /generate_204
2025-04-17 00:06:00 [WARNING] Retrying (Retry(total=2, connect=None, read=None, redirect=None, status=None)) after connection broken by 'ReadTimeoutError("HTTPConnectionPool(host='connectivitycheck.gstatic.com', port=80): Read timed out. (read timeout=5)")': /generate_204
2025-04-17 10:50:36 [WARNING] Retrying (Retry(total=2, connect=None, read=None, redirect=None, status=None)) after connection broken by 'ConnectionResetError(10054, 'дЖГЬжїЛњЧПЦШЙиБеСЫвЛИіЯжгаЕФСЌНгЁЃ', None, 10054, None)': /generate_204
2025-04-17 10:50:37 [WARNING] Retrying (Retry(total=1, connect=None, read=None, redirect=None, status=None)) after connection broken by 'NameResolutionError("<urllib3.connection.HTTPConnection object at 0x000002B1BA22D3D0>: Failed to resolve 'connectivitycheck.gstatic.com' ([Errno 11001] getaddrinfo failed)")': /generate_204
2025-04-17 10:50:39 [WARNING] Retrying (Retry(total=0, connect=None, read=None, redirect=None, status=None)) after connection broken by 'NameResolutionError("<urllib3.connection.HTTPConnection object at 0x000002B1BA24C950>: Failed to resolve 'connectivitycheck.gstatic.com' ([Errno 11001] getaddrinfo failed)")': /generate_204
2025-04-17 10:50:39 [WARNING] Retrying (Retry(total=2, connect=None, read=None, redirect=None, status=None)) after connection broken by 'NameResolutionError("<urllib3.connection.HTTPConnection object at 0x000002B1BA22E2A0>: Failed to resolve 'www.msftconnecttest.com' ([Errno 11001] getaddrinfo failed)")': /connecttest.txt
2025-04-17 10:50:40 [WARNING] Retrying (Retry(total=1, connect=None, read=None, redirect=None, status=None)) after connection broken by 'NameResolutionError("<urllib3.connection.HTTPConnection object at 0x000002B1BA22DBB0>: Failed to resolve 'www.msftconnecttest.com' ([Errno 11001] getaddrinfo failed)")': /connecttest.txt
2025-04-17 10:50:42 [WARNING] Retrying (Retry(total=0, connect=None, read=None, redirect=None, status=None)) after connection broken by 'NameResolutionError("<urllib3.connection.HTTPConnection object at 0x000002B1BA22E5A0>: Failed to resolve 'www.msftconnecttest.com' ([Errno 11001] getaddrinfo failed)")': /connecttest.txt
2025-04-17 10:50:42 [INFO] МьВтЕНРыЯпзДЬЌЃЌГЂЪдЕЧТМ...
2025-04-17 10:50:52 [WARNING] Retrying (Retry(total=2, connect=None, read=None, redirect=None, status=None)) after connection broken by 'ConnectTimeoutError(<urllib3.connection.HTTPConnection object at 0x000002B1BA201940>, 'Connection to 2.2.2.2 timed out. (connect timeout=10)')': /
2025-04-17 10:50:52 [ERROR] ЕЧТМЪЇАмЃЌЯьгІФкШн: <!DOCTYPE html> <html class="aui ltr" dir="ltr" lang="zh-CN"> <head> <title>ЪзвГ - ЙужнЪаЙЄУГММЪІбЇдК</title> <meta http-equiv="X-UA-Compatible" content="IE=Edge,chrome=1"> <meta content="initial-scale=1.0, widt
